#
# There is insufficient memory for the Java Runtime Environment to continue.
# Native memory allocation (mmap) failed to map 197132288 bytes for G1 virtual space
# Possible reasons:
#   The system is out of physical RAM or swap space
#   The process is running with CompressedOops enabled, and the Java Heap may be blocking the growth of the native heap
# Possible solutions:
#   Reduce memory load on the system
#   Increase physical memory or swap space
#   Check if swap backing store is full
#   Decrease Java heap size (-Xmx/-Xms)
#   Decrease number of Java threads
#   Decrease Java thread stack sizes (-Xss)
#   Set larger code cache with -XX:ReservedCodeCacheSize=
#   JVM is running with Zero Based Compressed Oops mode in which the Java heap is
#     placed in the first 32GB address space. The Java Heap base address is the
#     maximum limit for the native heap growth. Please use -XX:HeapBaseMinAddress
#     to set the Java Heap base and to place the Java Heap above 32GB virtual address.
# This output file may be truncated or incomplete.
#
#  Out of Memory Error (os_windows.cpp:3536), pid=14484, tid=13500
#
# JRE version:  (19.0.2+7) (build )
# Java VM: Java HotSpot(TM) 64-Bit Server VM (19.0.2+7-44, mixed mode, sharing, tiered, compressed oops, compressed class ptrs, g1 gc, windows-amd64)
# No core dump will be written. Minidumps are not enabled by default on client versions of Windows
#

---------------  S U M M A R Y ------------

Command Line: -Dfile.encoding=UTF-8 -Dstdout.encoding=UTF-8 -Dstderr.encoding=UTF-8 --module-path=C:\Users\lenovo\Desktop\Java_Files\projects\spiritDetectiveDiaries\bin -XX:+ShowCodeDetailsInExceptionMessages -Djdk.module.main=spiritDetectiveDiaries spiritDetectiveDiaries/spiritDetectiveDiaries.Main

Host: Intel(R) Core(TM) i3-1005G1 CPU @ 1.20GHz, 4 cores, 11G,  Windows 10 , 64 bit Build 19041 (10.0.19041.3636)
Time: Sat Jan 13 02:19:01 2024 India Standard Time elapsed time: 0.009654 seconds (0d 0h 0m 0s)

---------------  T H R E A D  ---------------

Current thread (0x00000164bc01a850):  JavaThread "Unknown thread" [_thread_in_vm, id=13500, stack(0x000000358e100000,0x000000358e200000)]

Stack: [0x000000358e100000,0x000000358e200000]
Native frames: (J=compiled Java code, j=interpreted, Vv=VM code, C=native code)
V  [jvm.dll+0x6ee21a]
V  [jvm.dll+0x85765e]
V  [jvm.dll+0x85904e]
V  [jvm.dll+0x859703]
V  [jvm.dll+0x28298f]
V  [jvm.dll+0x6eb009]
V  [jvm.dll+0x6dfbaa]
V  [jvm.dll+0x3573f6]
V  [jvm.dll+0x35ee56]
V  [jvm.dll+0x3b541e]
V  [jvm.dll+0x3b564f]
V  [jvm.dll+0x32c9ea]
V  [jvm.dll+0x32d89e]
V  [jvm.dll+0x821780]
V  [jvm.dll+0x3c2661]
V  [jvm.dll+0x801f51]
V  [jvm.dll+0x44ae8f]
V  [jvm.dll+0x44c811]
C  [jli.dll+0x5287]
C  [ucrtbase.dll+0x21bb2]
C  [KERNEL32.DLL+0x17344]
C  [ntdll.dll+0x526b1]


---------------  P R O C E S S  ---------------

Threads class SMR info:
_java_thread_list=0x00007ffeea80d048, length=0, elements={
}

Java Threads: ( => current thread )

Other Threads:
  0x00000164bc076a80 WorkerThread "GC Thread#0" [stack: 0x000000358e200000,0x000000358e300000] [id=7536]
  0x00000164bc084e50 ConcurrentGCThread "G1 Main Marker" [stack: 0x000000358e300000,0x000000358e400000] [id=15960]
  0x00000164bc0867a0 WorkerThread "G1 Conc#0" [stack: 0x000000358e400000,0x000000358e500000] [id=9264]

[error occurred during error reporting (printing all threads), id 0xc0000005, EXCEPTION_ACCESS_VIOLATION (0xc0000005) at pc=0x00007ffee9fcd427]

VM state: not at safepoint (not fully initialized)

VM Mutex/Monitor currently owned by a thread:  ([mutex/lock_event])
[0x00000164bc016970] Heap_lock - owner thread: 0x00000164bc01a850

Heap address: 0x0000000744000000, size: 3008 MB, Compressed Oops mode: Zero based, Oop shift amount: 3

CDS archive(s) mapped at: [0x0000000000000000-0x0000000000000000-0x0000000000000000), size 0, SharedBaseAddress: 0x0000000800000000, ArchiveRelocationMode: 0.
Narrow klass base: 0x0000000000000000, Narrow klass shift: 0, Narrow klass range: 0x0

GC Precious Log:
 CardTable entry size: 512
 Card Set container configuration: InlinePtr #cards 4 size 8 Array Of Cards #cards 16 size 48 Howl #buckets 8 coarsen threshold 3686 Howl Bitmap #cards 512 size 80 coarsen threshold 460 Card regions per heap region 1 cards per card region 4096

Heap:
 garbage-first heap   total 0K, used 0K [0x0000000744000000, 0x0000000800000000)
  region size 2048K, 0 young (0K), 0 survivors (0K)

[error occurred during error reporting (printing heap information), id 0xc0000005, EXCEPTION_ACCESS_VIOLATION (0xc0000005) at pc=0x00007ffeea3d6649]

GC Heap History (0 events):
No events

Dll operation events (1 events):
Event: 0.005 Loaded shared library C:\Program Files\Java\jdk-19\bin\java.dll

Deoptimization events (0 events):
No events

Classes loaded (0 events):
No events

Classes unloaded (0 events):
No events

Classes redefined (0 events):
No events

Internal exceptions (0 events):
No events

VM Operations (0 events):
No events

Events (0 events):
No events


Dynamic libraries:
0x00007ff673c30000 - 0x00007ff673c40000 	C:\Program Files\Java\jdk-19\bin\javaw.exe
0x00007fff42230000 - 0x00007fff42428000 	C:\Windows\SYSTEM32\ntdll.dll
0x00007fff41e20000 - 0x00007fff41edd000 	C:\Windows\System32\KERNEL32.DLL
0x00007fff3fa40000 - 0x00007fff3fd36000 	C:\Windows\System32\KERNELBASE.dll
0x00007fff3ff50000 - 0x00007fff40050000 	C:\Windows\System32\ucrtbase.dll
0x00007fff2d880000 - 0x00007fff2d898000 	C:\Program Files\Java\jdk-19\bin\jli.dll
0x00007fff41a10000 - 0x00007fff41abf000 	C:\Windows\System32\ADVAPI32.dll
0x00007fff42150000 - 0x00007fff421ee000 	C:\Windows\System32\msvcrt.dll
0x00007fff409e0000 - 0x00007fff40a7c000 	C:\Windows\System32\sechost.dll
0x00007fff41ac0000 - 0x00007fff41be6000 	C:\Windows\System32\RPCRT4.dll
0x00007fff41420000 - 0x00007fff415be000 	C:\Windows\System32\USER32.dll
0x00007fff3fa10000 - 0x00007fff3fa32000 	C:\Windows\System32\win32u.dll
0x00007fff41d00000 - 0x00007fff41d2c000 	C:\Windows\System32\GDI32.dll
0x00007fff400d0000 - 0x00007fff401ea000 	C:\Windows\System32\gdi32full.dll
0x00007fff2d5c0000 - 0x00007fff2d5db000 	C:\Program Files\Java\jdk-19\bin\VCRUNTIME140.dll
0x00007fff401f0000 - 0x00007fff4028d000 	C:\Windows\System32\msvcp_win.dll
0x00007fff2c640000 - 0x00007fff2c8da000 	C:\Windows\WinSxS\amd64_microsoft.windows.common-controls_6595b64144ccf1df_6.0.19041.3636_none_60b6a03d71f818d5\COMCTL32.dll
0x00007fff38000000 - 0x00007fff3800a000 	C:\Windows\SYSTEM32\VERSION.dll
0x00007fff42090000 - 0x00007fff420c0000 	C:\Windows\System32\IMM32.DLL
0x00007fff2d870000 - 0x00007fff2d87c000 	C:\Program Files\Java\jdk-19\bin\vcruntime140_1.dll
0x00007fff12010000 - 0x00007fff1209e000 	C:\Program Files\Java\jdk-19\bin\msvcp140.dll
0x00007ffee9c90000 - 0x00007ffeea950000 	C:\Program Files\Java\jdk-19\bin\server\jvm.dll
0x00007fff2ae60000 - 0x00007fff2ae87000 	C:\Windows\SYSTEM32\WINMM.dll
0x00007fff3b030000 - 0x00007fff3b039000 	C:\Windows\SYSTEM32\WSOCK32.dll
0x00007fff41d30000 - 0x00007fff41d9b000 	C:\Windows\System32\WS2_32.dll
0x00007fff3e160000 - 0x00007fff3e172000 	C:\Windows\SYSTEM32\kernel.appcore.dll
0x00007fff3af50000 - 0x00007fff3af5a000 	C:\Program Files\Java\jdk-19\bin\jimage.dll
0x00007fff3d6d0000 - 0x00007fff3d8b4000 	C:\Windows\SYSTEM32\DBGHELP.DLL
0x00007fff19c30000 - 0x00007fff19c64000 	C:\Windows\SYSTEM32\dbgcore.DLL
0x00007fff3f910000 - 0x00007fff3f992000 	C:\Windows\System32\bcryptPrimitives.dll
0x00007fff38a90000 - 0x00007fff38ab6000 	C:\Program Files\Java\jdk-19\bin\java.dll

dbghelp: loaded successfully - version: 4.0.5 - missing functions: none
symbol engine: initialized successfully - sym options: 0x614 - pdb path: .;C:\Program Files\Java\jdk-19\bin;C:\Windows\SYSTEM32;C:\Windows\WinSxS\amd64_microsoft.windows.common-controls_6595b64144ccf1df_6.0.19041.3636_none_60b6a03d71f818d5;C:\Program Files\Java\jdk-19\bin\server

VM Arguments:
jvm_args: -Dfile.encoding=UTF-8 -Dstdout.encoding=UTF-8 -Dstderr.encoding=UTF-8 --module-path=C:\Users\lenovo\Desktop\Java_Files\projects\spiritDetectiveDiaries\bin -XX:+ShowCodeDetailsInExceptionMessages -Djdk.module.main=spiritDetectiveDiaries 
java_command: spiritDetectiveDiaries/spiritDetectiveDiaries.Main
java_class_path (initial): <not set>
Launcher Type: SUN_STANDARD

[Global flags]
     intx CICompilerCount                          = 3                                         {product} {ergonomic}
     uint ConcGCThreads                            = 1                                         {product} {ergonomic}
     uint G1ConcRefinementThreads                  = 4                                         {product} {ergonomic}
   size_t G1HeapRegionSize                         = 2097152                                   {product} {ergonomic}
    uintx GCDrainStackTargetSize                   = 64                                        {product} {ergonomic}
   size_t InitialHeapSize                          = 197132288                                 {product} {ergonomic}
   size_t MarkStackSize                            = 4194304                                   {product} {ergonomic}
   size_t MaxHeapSize                              = 3154116608                                {product} {ergonomic}
   size_t MinHeapDeltaBytes                        = 2097152                                   {product} {ergonomic}
   size_t MinHeapSize                              = 8388608                                   {product} {ergonomic}
    uintx NonNMethodCodeHeapSize                   = 5832780                                {pd product} {ergonomic}
    uintx NonProfiledCodeHeapSize                  = 122912730                              {pd product} {ergonomic}
    uintx ProfiledCodeHeapSize                     = 122912730                              {pd product} {ergonomic}
    uintx ReservedCodeCacheSize                    = 251658240                              {pd product} {ergonomic}
     bool SegmentedCodeCache                       = true                                      {product} {ergonomic}
     bool ShowCodeDetailsInExceptionMessages       = true                                   {manageable} {command line}
   size_t SoftMaxHeapSize                          = 3154116608                             {manageable} {ergonomic}
     bool UseCompressedClassPointers               = true                           {product lp64_product} {ergonomic}
     bool UseCompressedOops                        = true                           {product lp64_product} {ergonomic}
     bool UseG1GC                                  = true                                      {product} {ergonomic}
     bool UseLargePagesIndividualAllocation        = false                                  {pd product} {ergonomic}

Logging:
Log output configuration:
 #0: stdout all=warning uptime,level,tags foldmultilines=false
 #1: stderr all=off uptime,level,tags foldmultilines=false

Environment Variables:
PATH=C:/Program Files/Java/jdk-19/bin/server;C:/Program Files/Java/jdk-19/bin;C:\Program Files\Common Files\Oracle\Java\javapath;C:\Windows\system32;C:\Windows;C:\Windows\System32\Wbem;C:\Windows\System32\WindowsPowerShell\v1.0\;C:\Windows\System32\OpenSSH\;C:\Program Files\Java\jdk-19\bin;C:\Program Files\Pandoc\;C:\Program Files (x86)\dotnet\;C:\Program Files\Git\cmd;C:\Program Files\Java\jdk-17;C:\Users\lenovo\AppData\Local\Programs\Python\Python311\Scripts\;C:\Users\lenovo\AppData\Local\Programs\Python\Python38;C:\Users\lenovo\AppData\Local\Programs\Python\Python311\;C:\Users\lenovo\AppData\Local\Microsoft\WindowsApps;C:\Users\lenovo\AppData\Local\Programs\Microsoft VS Code\bin;C:\Program Files\JetBrains\PyCharm Community Edition 2022.3.1\bin;;D:\IntelliJ\IntelliJ IDEA Community Edition 2023.2.5\bin;;;C:\Users\lenovo\eclipse\java-2022-12\eclipse;
USERNAME=lenovo
OS=Windows_NT
PROCESSOR_IDENTIFIER=Intel64 Family 6 Model 126 Stepping 5, GenuineIntel
TMP=C:\Users\lenovo\AppData\Local\Temp
TEMP=C:\Users\lenovo\AppData\Local\Temp



---------------  S Y S T E M  ---------------

OS:
 Windows 10 , 64 bit Build 19041 (10.0.19041.3636)
OS uptime: 18 days 4:33 hours

CPU: total 4 (initial active 4) (2 cores per cpu, 2 threads per core) family 6 model 126 stepping 5 microcode 0x78, cx8, cmov, fxsr, ht, mmx, 3dnowpref, sse, sse2, sse3, ssse3, sse4.1, sse4.2, popcnt, lzcnt, tsc, tscinvbit, avx, avx2, aes, erms, clmul, bmi1, bmi2, adx, avx512f, avx512dq, avx512cd, avx512bw, avx512vl, sha, fma, vzeroupper, avx512_vpopcntdq, avx512_vpclmulqdq, avx512_vaes, avx512_vnni, clflush, clflushopt, avx512_vbmi2, avx512_vbmi, rdtscp, rdpid, fsrm, gfni, avx512_bitalg

Memory: 4k page, system-wide physical 12030M (3738M free)
TotalPageFile size 18896M (AvailPageFile size 12M)
current process WorkingSet (physical memory assigned to process): 10M, peak: 10M
current process commit charge ("private bytes"): 52M, peak: 239M

vm_info: Java HotSpot(TM) 64-Bit Server VM (19.0.2+7-44) for windows-amd64 JRE (19.0.2+7-44), built on 2022-11-30T18:02:09Z by "mach5one" with MS VC++ 17.1 (VS2022)

END.
